{"/Users/gevorgmartirosyan/Desktop/unit_tests/src/app/Utils.ts": {"path":"/Users/gevorgmartirosyan/Desktop/unit_tests/src/app/Utils.ts","statementMap":{"0":{"start":{"line":1,"column":0},"end":{"line":1,"column":46}},"1":{"start":{"line":3,"column":0},"end":{"line":3,"column":13}},"2":{"start":{"line":4,"column":18},"end":{"line":9,"column":null}},"3":{"start":{"line":5,"column":8},"end":{"line":7,"column":null}},"4":{"start":{"line":6,"column":12},"end":{"line":6,"column":43}},"5":{"start":{"line":8,"column":8},"end":{"line":8,"column":32}},"6":{"start":{"line":11,"column":18},"end":{"line":13,"column":null}},"7":{"start":{"line":12,"column":8},"end":{"line":12,"column":33}},"8":{"start":{"line":14,"column":0},"end":{"line":14,"column":null}},"9":{"start":{"line":3,"column":13},"end":{"line":3,"column":18}}},"fnMap":{"0":{"name":"(anonymous_0)","decl":{"start":{"line":3,"column":0},"end":{"line":3,"column":13}},"loc":{"start":{"line":3,"column":0},"end":{"line":14,"column":null}}},"1":{"name":"(anonymous_2)","decl":{"start":{"line":4,"column":4},"end":{"line":4,"column":18}},"loc":{"start":{"line":4,"column":38},"end":{"line":9,"column":5}}},"2":{"name":"(anonymous_3)","decl":{"start":{"line":11,"column":4},"end":{"line":11,"column":18}},"loc":{"start":{"line":11,"column":41},"end":{"line":13,"column":5}}}},"branchMap":{"0":{"loc":{"start":{"line":5,"column":8},"end":{"line":7,"column":null}},"type":"if","locations":[{"start":{"line":5,"column":8},"end":{"line":7,"column":null}}]}},"s":{"0":1,"1":1,"2":1,"3":6,"4":3,"5":3,"6":1,"7":1,"8":1,"9":1},"f":{"0":1,"1":6,"2":1},"b":{"0":[3]}}
}
